0 info it worked if it ends with ok
1 verbose cli [ 'node', '/usr/local/bin/npm', 'install', 'http-service' ]
2 info using npm@2.3.0
3 info using node@v0.10.36
4 verbose node symlink /usr/local/bin/node
5 verbose config Skipping project config: /Users/lilijing/.npmrc. (matches userconfig)
6 silly cache add args [ 'http-service', null ]
7 verbose cache add spec http-service
8 silly cache add parsed spec { raw: 'http-service',
8 silly cache add   scope: null,
8 silly cache add   name: 'http-service',
8 silly cache add   rawSpec: '',
8 silly cache add   spec: '*',
8 silly cache add   type: 'range' }
9 verbose addNamed http-service@*
10 silly addNamed semver.valid null
11 silly addNamed semver.validRange *
12 silly addNameRange { name: 'http-service', range: '*', hasData: false }
13 silly mapToRegistry name http-service
14 silly mapToRegistry using default registry
15 silly mapToRegistry registry https://registry.npmjs.org/
16 silly mapToRegistry uri https://registry.npmjs.org/http-service
17 verbose addNameRange registry:https://registry.npmjs.org/http-service not in flight; fetching
18 verbose request uri https://registry.npmjs.org/http-service
19 verbose request no auth needed
20 info attempt registry request try #1 at 16:33:35
21 verbose request id 8d0bb68c14fe19c3
22 http request GET https://registry.npmjs.org/http-service
23 http 404 https://registry.npmjs.org/http-service
24 verbose headers { date: 'Wed, 04 Feb 2015 08:33:36 GMT',
24 verbose headers   server: 'CouchDB/1.5.0 (Erlang OTP/R16B03)',
24 verbose headers   'content-type': 'application/json',
24 verbose headers   'cache-control': 'max-age=0',
24 verbose headers   'content-length': '52',
24 verbose headers   'accept-ranges': 'bytes',
24 verbose headers   via: '1.1 varnish',
24 verbose headers   age: '0',
24 verbose headers   'x-served-by': 'cache-ty67-TYO',
24 verbose headers   'x-cache': 'MISS',
24 verbose headers   'x-cache-hits': '0',
24 verbose headers   'x-timer': 'S1423038816.436099,VS0,VE185',
24 verbose headers   'keep-alive': 'timeout=10, max=50',
24 verbose headers   connection: 'Keep-Alive' }
25 silly get cb [ 404,
25 silly get   { date: 'Wed, 04 Feb 2015 08:33:36 GMT',
25 silly get     server: 'CouchDB/1.5.0 (Erlang OTP/R16B03)',
25 silly get     'content-type': 'application/json',
25 silly get     'cache-control': 'max-age=0',
25 silly get     'content-length': '52',
25 silly get     'accept-ranges': 'bytes',
25 silly get     via: '1.1 varnish',
25 silly get     age: '0',
25 silly get     'x-served-by': 'cache-ty67-TYO',
25 silly get     'x-cache': 'MISS',
25 silly get     'x-cache-hits': '0',
25 silly get     'x-timer': 'S1423038816.436099,VS0,VE185',
25 silly get     'keep-alive': 'timeout=10, max=50',
25 silly get     connection: 'Keep-Alive' } ]
26 verbose stack Error: 404 Not Found: http-service
26 verbose stack     at CachingRegistryClient.<anonymous> (/usr/local/lib/node_modules/npm/node_modules/npm-registry-client/lib/request.js:251:14)
26 verbose stack     at Request._callback (/usr/local/lib/node_modules/npm/node_modules/npm-registry-client/lib/request.js:178:14)
26 verbose stack     at Request.self.callback (/usr/local/lib/node_modules/npm/node_modules/request/request.js:373:22)
26 verbose stack     at Request.emit (events.js:98:17)
26 verbose stack     at Request.<anonymous> (/usr/local/lib/node_modules/npm/node_modules/request/request.js:1318:14)
26 verbose stack     at Request.emit (events.js:117:20)
26 verbose stack     at IncomingMessage.<anonymous> (/usr/local/lib/node_modules/npm/node_modules/request/request.js:1266:12)
26 verbose stack     at IncomingMessage.emit (events.js:117:20)
26 verbose stack     at _stream_readable.js:944:16
26 verbose stack     at process._tickCallback (node.js:442:13)
27 verbose statusCode 404
28 verbose pkgid http-service
29 verbose cwd /Users/lilijing/Desktop/git/angularDemo
30 error Darwin 14.1.0
31 error argv "node" "/usr/local/bin/npm" "install" "http-service"
32 error node v0.10.36
33 error npm  v2.3.0
34 error code E404
35 error 404 Not Found: http-service
35 error 404
35 error 404 'http-service' is not in the npm registry.
35 error 404 You should bug the author to publish it (or use the name yourself!)
35 error 404
35 error 404 Note that you can also install from a
35 error 404 tarball, folder, http url, or git url.
36 verbose exit [ 1, true ]
